2025-07-31 06:13:04,632 - INFO - 🚀 Starting database consolidation process...
2025-07-31 06:13:04,818 - INFO - Found 25 database files
2025-07-31 06:13:04,818 - INFO - 📦 Creating backup of all databases...
2025-07-31 06:13:04,836 - INFO - Created backup in: /Users/bossio/6FB AI Agent System/database_backups/20250731_061304
2025-07-31 06:13:04,836 - INFO - 🔍 Analyzing database schemas...
2025-07-31 06:13:04,844 - INFO - Schema analysis complete: 50 unique tables found
2025-07-31 06:13:04,844 - INFO - 🏗️ Creating unified database schema...
2025-07-31 06:13:04,850 - INFO - Unified database schema created successfully
2025-07-31 06:13:04,850 - INFO - 📊 Migrating data to unified database...
2025-07-31 06:13:04,850 - INFO - Migrating data from: booking_demo.db
2025-07-31 06:13:04,851 - INFO - Migrating data from: booking_system.db
2025-07-31 06:13:04,852 - INFO - Migrating data from: ai_booking_intelligence.db
2025-07-31 06:13:04,852 - INFO - Migrating data from: predictive_analytics.db
2025-07-31 06:13:04,852 - INFO - Migrating data from: test_customers.db
2025-07-31 06:13:04,852 - INFO - Migrating data from: ai_monetization.db
2025-07-31 06:13:04,853 - INFO - Migrating data from: booking_intelligence.db
2025-07-31 06:13:04,853 - INFO - Migrating data from: auth.db
2025-07-31 06:13:04,853 - INFO - Migrating data from: agent_system.db
2025-07-31 06:13:04,853 - INFO - Migrating data from: marketing_campaigns_demo_barbershop.db
2025-07-31 06:13:04,854 - INFO - Migrating data from: analytics_dashboard_demo_shop_001.db
2025-07-31 06:13:04,854 - INFO - Migrating data from: marketing_campaigns_new_number_test.db
2025-07-31 06:13:04,854 - INFO - Migrating data from: marketing_campaigns_real_test_shop.db
2025-07-31 06:13:04,855 - INFO - Migrating data from: marketing_campaigns_bossio_vip_shop.db
2025-07-31 06:13:04,855 - INFO - Migrating data from: marketing_campaigns_demo_barbershop_001.db
2025-07-31 06:13:04,856 - INFO - Migrating data from: marketing_campaigns_production_test_shop.db
2025-07-31 06:13:04,856 - INFO - Migrating data from: analytics_dashboard_demo_barbershop.db
2025-07-31 06:13:04,856 - INFO - Migrating data from: marketing_campaigns_test_shop_001.db
2025-07-31 06:13:04,857 - INFO - Migrating data from: analytics_dashboard_demo_barbershop_001.db
2025-07-31 06:13:04,857 - INFO - Migrating data from: analytics_dashboard_test_shop.db
2025-07-31 06:13:04,857 - INFO - Migrating data from: marketing_campaigns_simple_test_shop.db
2025-07-31 06:13:04,858 - INFO - Migrating data from: marketing_campaigns_default_barbershop.db
2025-07-31 06:13:04,858 - INFO - Migrating data from: marketing_campaigns_bossio_test_shop.db
2025-07-31 06:13:04,858 - INFO - Migrating data from: marketing_campaigns_email_test_shop.db
2025-07-31 06:13:04,858 - INFO - Data migration complete: 203 records migrated
2025-07-31 06:13:04,861 - INFO - 🧹 Cleaning up old database files...
2025-07-31 06:13:04,861 - INFO - Removed: /Users/bossio/6FB AI Agent System/booking_demo.db
2025-07-31 06:13:04,861 - INFO - Removed: /Users/bossio/6FB AI Agent System/booking_system.db
2025-07-31 06:13:04,861 - INFO - Removed: /Users/bossio/6FB AI Agent System/ai_booking_intelligence.db
2025-07-31 06:13:04,861 - INFO - Removed: /Users/bossio/6FB AI Agent System/predictive_analytics.db
2025-07-31 06:13:04,861 - INFO - Removed: /Users/bossio/6FB AI Agent System/test_customers.db
2025-07-31 06:13:04,861 - INFO - Removed: /Users/bossio/6FB AI Agent System/ai_monetization.db
2025-07-31 06:13:04,861 - INFO - Removed: /Users/bossio/6FB AI Agent System/booking_intelligence.db
2025-07-31 06:13:04,865 - INFO - Removed: /Users/bossio/6FB AI Agent System/database/auth.db
2025-07-31 06:13:04,865 - INFO - Removed: /Users/bossio/6FB AI Agent System/database/agent_system.db
2025-07-31 06:13:04,866 - INFO - Removed: /Users/bossio/6FB AI Agent System/databases/marketing_campaigns_demo_barbershop.db
2025-07-31 06:13:04,867 - INFO - Removed: /Users/bossio/6FB AI Agent System/databases/analytics_dashboard_demo_shop_001.db
2025-07-31 06:13:04,867 - INFO - Removed: /Users/bossio/6FB AI Agent System/databases/marketing_campaigns_new_number_test.db
2025-07-31 06:13:04,868 - INFO - Removed: /Users/bossio/6FB AI Agent System/databases/marketing_campaigns_real_test_shop.db
2025-07-31 06:13:04,868 - INFO - Removed: /Users/bossio/6FB AI Agent System/databases/marketing_campaigns_bossio_vip_shop.db
2025-07-31 06:13:04,869 - INFO - Removed: /Users/bossio/6FB AI Agent System/databases/marketing_campaigns_demo_barbershop_001.db
2025-07-31 06:13:04,869 - INFO - Removed: /Users/bossio/6FB AI Agent System/databases/marketing_campaigns_production_test_shop.db
2025-07-31 06:13:04,870 - INFO - Removed: /Users/bossio/6FB AI Agent System/databases/analytics_dashboard_demo_barbershop.db
2025-07-31 06:13:04,870 - INFO - Removed: /Users/bossio/6FB AI Agent System/databases/marketing_campaigns_test_shop_001.db
2025-07-31 06:13:04,871 - INFO - Removed: /Users/bossio/6FB AI Agent System/databases/analytics_dashboard_demo_barbershop_001.db
2025-07-31 06:13:04,872 - INFO - Removed: /Users/bossio/6FB AI Agent System/databases/analytics_dashboard_test_shop.db
2025-07-31 06:13:04,872 - INFO - Removed: /Users/bossio/6FB AI Agent System/databases/marketing_campaigns_simple_test_shop.db
2025-07-31 06:13:04,872 - INFO - Removed: /Users/bossio/6FB AI Agent System/databases/marketing_campaigns_default_barbershop.db
2025-07-31 06:13:04,873 - INFO - Removed: /Users/bossio/6FB AI Agent System/databases/marketing_campaigns_bossio_test_shop.db
2025-07-31 06:13:04,873 - INFO - Removed: /Users/bossio/6FB AI Agent System/databases/marketing_campaigns_email_test_shop.db
2025-07-31 06:13:04,912 - INFO - Removed empty directory: /Users/bossio/6FB AI Agent System/databases
2025-07-31 06:13:04,912 - INFO - 📋 Generating consolidation report...
2025-07-31 06:13:04,912 - INFO - Consolidation report saved: /Users/bossio/6FB AI Agent System/database_consolidation_report.json
2025-07-31 06:13:04,912 - INFO - ✅ Database consolidation completed successfully!
2025-07-31 06:13:04,912 - INFO - 📊 Summary: 25 databases → 1 unified database
2025-07-31 06:13:04,912 - INFO - 📊 Records migrated: 203
2025-07-31 06:13:04,912 - INFO - 📊 Tables created: 8
