   ▲ Next.js 15.4.5
   - Local:        http://localhost:9999
   - Network:      http://172.18.170.54:9999
   - Environments: .env.local

 ✓ Starting...
 ⚠ Invalid next.config.mjs options detected: 
 ⚠     Unrecognized key(s) in object: 'swcMinify'
 ⚠ See more info here: https://nextjs.org/docs/messages/invalid-next-config
 ✓ Ready in 1107ms
 ○ Compiling / ...
 ⨯ ./app/globals.css.webpack[javascript/auto]!=!../.npm/_npx/90eb7c78286cc043/node_modules/next/dist/build/webpack/loaders/css-loader/src/index.js??ruleSet[1].rules[13].oneOf[10].use[2]!../.npm/_npx/90eb7c78286cc043/node_modules/next/dist/build/webpack/loaders/postcss-loader/src/index.js??ruleSet[1].rules[13].oneOf[10].use[3]!./app/globals.css
Error: Cannot find module 'tailwindcss'
Require stack:
- /Users/bossio/.npm/_npx/90eb7c78286cc043/node_modules/next/dist/build/webpack/config/blocks/css/plugins.js
- /Users/bossio/.npm/_npx/90eb7c78286cc043/node_modules/next/dist/build/webpack/config/blocks/css/index.js
- /Users/bossio/.npm/_npx/90eb7c78286cc043/node_modules/next/dist/build/webpack/config/index.js
- /Users/bossio/.npm/_npx/90eb7c78286cc043/node_modules/next/dist/build/webpack-config.js
- /Users/bossio/.npm/_npx/90eb7c78286cc043/node_modules/next/dist/server/dev/hot-reloader-webpack.js
- /Users/bossio/.npm/_npx/90eb7c78286cc043/node_modules/next/dist/server/lib/router-utils/setup-dev-bundler.js
- /Users/bossio/.npm/_npx/90eb7c78286cc043/node_modules/next/dist/server/lib/router-server.js
- /Users/bossio/.npm/_npx/90eb7c78286cc043/node_modules/next/dist/server/lib/start-server.js
    at Array.map (<anonymous>)
Import trace for requested module:
./app/globals.css.webpack[javascript/auto]!=!../.npm/_npx/90eb7c78286cc043/node_modules/next/dist/build/webpack/loaders/css-loader/src/index.js??ruleSet[1].rules[13].oneOf[10].use[2]!../.npm/_npx/90eb7c78286cc043/node_modules/next/dist/build/webpack/loaders/postcss-loader/src/index.js??ruleSet[1].rules[13].oneOf[10].use[3]!./app/globals.css
./app/globals.css
 ⨯ ./app/globals.css.webpack[javascript/auto]!=!../.npm/_npx/90eb7c78286cc043/node_modules/next/dist/build/webpack/loaders/css-loader/src/index.js??ruleSet[1].rules[13].oneOf[10].use[2]!../.npm/_npx/90eb7c78286cc043/node_modules/next/dist/build/webpack/loaders/postcss-loader/src/index.js??ruleSet[1].rules[13].oneOf[10].use[3]!./app/globals.css
Error: Cannot find module 'tailwindcss'
Require stack:
- /Users/bossio/.npm/_npx/90eb7c78286cc043/node_modules/next/dist/build/webpack/config/blocks/css/plugins.js
- /Users/bossio/.npm/_npx/90eb7c78286cc043/node_modules/next/dist/build/webpack/config/blocks/css/index.js
- /Users/bossio/.npm/_npx/90eb7c78286cc043/node_modules/next/dist/build/webpack/config/index.js
- /Users/bossio/.npm/_npx/90eb7c78286cc043/node_modules/next/dist/build/webpack-config.js
- /Users/bossio/.npm/_npx/90eb7c78286cc043/node_modules/next/dist/server/dev/hot-reloader-webpack.js
- /Users/bossio/.npm/_npx/90eb7c78286cc043/node_modules/next/dist/server/lib/router-utils/setup-dev-bundler.js
- /Users/bossio/.npm/_npx/90eb7c78286cc043/node_modules/next/dist/server/lib/router-server.js
- /Users/bossio/.npm/_npx/90eb7c78286cc043/node_modules/next/dist/server/lib/start-server.js
    at Array.map (<anonymous>)
Import trace for requested module:
./app/globals.css.webpack[javascript/auto]!=!../.npm/_npx/90eb7c78286cc043/node_modules/next/dist/build/webpack/loaders/css-loader/src/index.js??ruleSet[1].rules[13].oneOf[10].use[2]!../.npm/_npx/90eb7c78286cc043/node_modules/next/dist/build/webpack/loaders/postcss-loader/src/index.js??ruleSet[1].rules[13].oneOf[10].use[3]!./app/globals.css
./app/globals.css
 GET / 500 in 3107ms
